<?xml version="1.0" encoding="UTF-8"?>
<!-- Generated by org.testng.reporters.JUnitReportReporter -->
<testsuite skipped="0" hostname="DESKTOP-0P8QHT9" name="org.test.Sample2" tests="5" failures="0" timestamp="09 Apr 2021 05:29:28 GMT" time="15.558" errors="0">
  <testcase name="ulogout" time="1.107" classname="org.test.Sample2"/>
  <testcase name="tc2" time="2.162" classname="org.test.Sample2"/>
  <testcase name="tc1" time="2.407" classname="org.test.Sample2"/>
  <testcase name="tc3" time="1.730" classname="org.test.Sample2"/>
  <testcase name="tc0" time="8.152" classname="org.test.Sample2"/>
</testsuite> <!-- org.test.Sample2 -->
