<?xml version="1.0" encoding="UTF-8"?>
<!-- Generated by org.testng.reporters.JUnitReportReporter -->
<testsuite skipped="0" hostname="DESKTOP-0P8QHT9" name="org.test.Sample3" tests="1" failures="0" timestamp="09 Apr 2021 05:43:24 GMT" time="0.013" errors="0">
  <testcase name="tc0" time="0.013" classname="org.test.Sample3"/>
</testsuite> <!-- org.test.Sample3 -->
